<?xml version="1.0" encoding="UTF-8"?>
<!-- Generated by org.testng.reporters.JUnitReportReporter -->
<testsuite skipped="0" hostname="DESKTOP-SP1DG6S" name="day5week1.EditLead" tests="1" failures="0" timestamp="2020-01-18T10:23:04 IST" time="37.888" errors="0">
  <testcase name="Edit" time="37.888" classname="day5week1.EditLead"/>
</testsuite> <!-- day5week1.EditLead -->
