<?xml version="1.0" encoding="UTF-8"?>
<!-- Generated by org.testng.reporters.JUnitReportReporter -->
<testsuite skipped="0" hostname="DESKTOP-SP1DG6S" name="day4.week2.DeleteLead" tests="1" failures="0" timestamp="2020-01-12T21:46:10 IST" time="54.282" errors="0">
  <testcase name="RunDeleteLead" time="54.282" classname="day4.week2.DeleteLead"/>
</testsuite> <!-- day4.week2.DeleteLead -->
