<?xml version="1.0" encoding="UTF-8"?>
<!-- Generated by org.testng.reporters.JUnitReportReporter -->
<testsuite skipped="0" hostname="DESKTOP-SP1DG6S" name="day5week1.CreateLead" tests="1" failures="0" timestamp="2020-01-18T10:23:04 IST" time="29.281" errors="0">
  <testcase name="Create" time="29.281" classname="day5week1.CreateLead"/>
</testsuite> <!-- day5week1.CreateLead -->
