<?xml version="1.0" encoding="UTF-8"?>
<!-- Generated by org.testng.reporters.JUnitReportReporter -->
<testsuite skipped="0" hostname="DESKTOP-SP1DG6S" name="runner.RunTest" tests="9" failures="0" timestamp="2020-01-31T20:59:45 IST" time="309.549" errors="0">
  <testcase name="runScenario" time="34.683" classname="runner.RunTest"/>
  <testcase name="runScenario" time="32.258" classname="runner.RunTest"/>
  <testcase name="runScenario" time="30.725" classname="runner.RunTest"/>
  <testcase name="runScenario" time="35.139" classname="runner.RunTest"/>
  <testcase name="runScenario" time="36.944" classname="runner.RunTest"/>
  <testcase name="runScenario" time="35.560" classname="runner.RunTest"/>
  <testcase name="runScenario" time="30.195" classname="runner.RunTest"/>
  <testcase name="runScenario" time="36.604" classname="runner.RunTest"/>
  <testcase name="runScenario" time="37.441" classname="runner.RunTest"/>
</testsuite> <!-- runner.RunTest -->
