<?xml version="1.0" encoding="UTF-8"?>
<!-- Generated by org.testng.reporters.JUnitReportReporter -->
<testsuite skipped="0" hostname="DESKTOP-SP1DG6S" name="excel.DuplicateLead" tests="3" failures="0" timestamp="2020-01-18T22:48:15 IST" time="93.331" errors="0">
  <testcase name="RunDuplicateLead" time="31.183" classname="excel.DuplicateLead"/>
  <testcase name="RunDuplicateLead" time="31.182" classname="excel.DuplicateLead"/>
  <testcase name="RunDuplicateLead" time="30.966" classname="excel.DuplicateLead"/>
</testsuite> <!-- excel.DuplicateLead -->
