<?xml version="1.0" encoding="UTF-8"?>
<!-- Generated by org.testng.reporters.JUnitReportReporter -->
<testsuite skipped="0" hostname="DESKTOP-SP1DG6S" name="utils.ReadExcel" tests="1" failures="0" timestamp="2020-01-18T20:30:57 IST" time="0.790" errors="0">
  <testcase name="Getdata" time="0.790" classname="utils.ReadExcel"/>
</testsuite> <!-- utils.ReadExcel -->
