<?xml version="1.0" encoding="UTF-8"?>
<!-- Generated by org.testng.reporters.JUnitReportReporter -->
<testsuite skipped="0" hostname="DESKTOP-SP1DG6S" name="DataProvider.EditLead" tests="2" failures="0" timestamp="2020-01-14T20:08:29 IST" time="70.213" errors="0">
  <testcase name="RunEditLead" time="34.933" classname="DataProvider.EditLead"/>
  <testcase name="RunEditLead" time="35.280" classname="DataProvider.EditLead"/>
</testsuite> <!-- DataProvider.EditLead -->
