<?xml version="1.0" encoding="UTF-8"?>
<!-- Generated by org.testng.reporters.JUnitReportReporter -->
<testsuite skipped="0" hostname="DESKTOP-SP1DG6S" name="DataProvider.DuplicateLead" tests="2" failures="0" timestamp="2020-01-14T20:08:29 IST" time="68.301" errors="0">
  <testcase name="RunDuplicateLead" time="33.334" classname="DataProvider.DuplicateLead"/>
  <testcase name="RunDuplicateLead" time="34.967" classname="DataProvider.DuplicateLead"/>
</testsuite> <!-- DataProvider.DuplicateLead -->
