<?xml version="1.0" encoding="UTF-8"?>
<!-- Generated by org.testng.reporters.JUnitReportReporter -->
<testsuite skipped="0" hostname="DESKTOP-SP1DG6S" name="DataProvider.CreateLead" tests="2" failures="0" timestamp="2020-01-14T20:08:29 IST" time="54.331" errors="0">
  <testcase name="RunCreateLead" time="27.609" classname="DataProvider.CreateLead"/>
  <testcase name="RunCreateLead" time="26.722" classname="DataProvider.CreateLead"/>
</testsuite> <!-- DataProvider.CreateLead -->
