<?xml version="1.0" encoding="UTF-8"?>
<!-- Generated by org.testng.reporters.JUnitReportReporter -->
<testsuite skipped="0" hostname="DESKTOP-SP1DG6S" name="DataProvider.DeleteLead" tests="2" failures="0" timestamp="2020-01-14T20:08:29 IST" time="76.026" errors="0">
  <testcase name="RunDeleteLead" time="38.382" classname="DataProvider.DeleteLead"/>
  <testcase name="RunDeleteLead" time="37.644" classname="DataProvider.DeleteLead"/>
</testsuite> <!-- DataProvider.DeleteLead -->
