<?xml version="1.0" encoding="UTF-8"?>
<!-- Generated by org.testng.reporters.JUnitReportReporter -->
<testsuite skipped="0" hostname="DESKTOP-SP1DG6S" name="excel.DeleteLead" tests="3" failures="0" timestamp="2020-01-18T22:48:15 IST" time="103.895" errors="0">
  <testcase name="RunDeleteLead" time="34.559" classname="excel.DeleteLead"/>
  <testcase name="RunDeleteLead" time="33.755" classname="excel.DeleteLead"/>
  <testcase name="RunDeleteLead" time="35.581" classname="excel.DeleteLead"/>
</testsuite> <!-- excel.DeleteLead -->
