<?xml version="1.0" encoding="UTF-8"?>
<!-- Generated by org.testng.reporters.JUnitReportReporter -->
<testsuite skipped="0" hostname="DESKTOP-SP1DG6S" name="excel.CreateLead" tests="3" failures="0" timestamp="2020-01-18T22:48:15 IST" time="90.246" errors="0">
  <testcase name="RunCreateLead" time="33.518" classname="excel.CreateLead"/>
  <testcase name="RunCreateLead" time="27.498" classname="excel.CreateLead"/>
  <testcase name="RunCreateLead" time="29.230" classname="excel.CreateLead"/>
</testsuite> <!-- excel.CreateLead -->
