<?xml version="1.0" encoding="UTF-8"?>
<!-- Generated by org.testng.reporters.JUnitReportReporter -->
<testsuite skipped="0" hostname="DESKTOP-SP1DG6S" name="day4.week2.CreateLead" tests="1" failures="0" timestamp="2020-01-12T21:46:10 IST" time="52.942" errors="0">
  <testcase name="RunCreateLead" time="52.942" classname="day4.week2.CreateLead"/>
</testsuite> <!-- day4.week2.CreateLead -->
