<?xml version="1.0" encoding="UTF-8"?>
<!-- Generated by org.testng.reporters.JUnitReportReporter -->
<testsuite skipped="0" hostname="DESKTOP-SP1DG6S" name="excel.EditLead" tests="3" failures="0" timestamp="2020-01-18T22:48:15 IST" time="97.857" errors="0">
  <testcase name="RunEditLead" time="32.902" classname="excel.EditLead"/>
  <testcase name="RunEditLead" time="32.688" classname="excel.EditLead"/>
  <testcase name="RunEditLead" time="32.267" classname="excel.EditLead"/>
</testsuite> <!-- excel.EditLead -->
